<?xml version="1.0" encoding="UTF-8"?>
<!-- Generated by org.testng.reporters.JUnitReportReporter -->
<testsuite hostname="LAPTOP-VLUEFNG4" failures="0" tests="1" name="Portal_page3.Donor_TESTCASE_page3" time="38.392" errors="0" timestamp="2022-05-17T17:09:24 IST" skipped="0">
  <testcase classname="Portal_page3.Donor_TESTCASE_page3" name="FillInfo" time="38.392"/>
  <system-out/>
</testsuite> <!-- Portal_page3.Donor_TESTCASE_page3 -->
