<?xml version="1.0" encoding="UTF-8"?>
<!-- Generated by org.testng.reporters.JUnitReportReporter -->
<testsuite hostname="LAPTOP-VLUEFNG4" failures="0" tests="1" name="Portal_page2.Donor_TESTCASE_page2_1" time="19.420" errors="0" timestamp="2022-05-17T16:59:55 IST" skipped="0">
  <testcase classname="Portal_page2.Donor_TESTCASE_page2_1" name="FillInfo" time="19.420"/>
  <system-out/>
</testsuite> <!-- Portal_page2.Donor_TESTCASE_page2_1 -->
