<?xml version="1.0" encoding="UTF-8"?>
<!-- Generated by org.testng.reporters.JUnitReportReporter -->
<testsuite hostname="LAPTOP-VLUEFNG4" failures="0" tests="1" name="Module1_Donor_Mgnt_Test.Donor_TESTCASE1_5" time="15.566" errors="0" timestamp="2022-05-12T00:27:27 IST" skipped="0">
  <testcase classname="Module1_Donor_Mgnt_Test.Donor_TESTCASE1_5" name="FillInfo" time="15.566"/>
  <system-out/>
</testsuite> <!-- Module1_Donor_Mgnt_Test.Donor_TESTCASE1_5 -->
