<?xml version="1.0" encoding="UTF-8"?>
<!-- Generated by org.testng.reporters.JUnitReportReporter -->
<testsuite hostname="LAPTOP-VLUEFNG4" failures="0" tests="1" name="DEMO_DDF_TESTNG_BaseUtilityclass.TESTNG_TESTCASE" time="41.883" errors="0" timestamp="2022-04-20T19:10:15 IST" skipped="0">
  <testcase classname="DEMO_DDF_TESTNG_BaseUtilityclass.TESTNG_TESTCASE" name="FillInfo" time="41.883"/>
  <system-out/>
</testsuite> <!-- DEMO_DDF_TESTNG_BaseUtilityclass.TESTNG_TESTCASE -->
