<?xml version="1.0" encoding="UTF-8"?>
<!-- Generated by org.testng.reporters.JUnitReportReporter -->
<testsuite hostname="LAPTOP-VLUEFNG4" failures="0" tests="1" name="Module1_Donor_Mgnt_Test.Donor_TESTCASE_page3_2" time="16.203" errors="0" timestamp="2022-05-12T23:08:01 IST" skipped="0">
  <testcase classname="Module1_Donor_Mgnt_Test.Donor_TESTCASE_page3_2" name="FillInfo" time="16.203"/>
  <system-out/>
</testsuite> <!-- Module1_Donor_Mgnt_Test.Donor_TESTCASE_page3_2 -->
