<?xml version="1.0" encoding="UTF-8"?>
<!-- Generated by org.testng.reporters.JUnitReportReporter -->
<testsuite hostname="LAPTOP-VLUEFNG4" failures="0" tests="1" name="DEMO_POM_TESTNG.TESTNG_TESTCASE" time="64.337" errors="0" timestamp="2022-04-20T15:54:56 IST" skipped="0">
  <testcase classname="DEMO_POM_TESTNG.TESTNG_TESTCASE" name="FillInfo" time="64.337"/>
  <system-out/>
</testsuite> <!-- DEMO_POM_TESTNG.TESTNG_TESTCASE -->
