<?xml version="1.0" encoding="UTF-8"?>
<!-- Generated by org.testng.reporters.JUnitReportReporter -->
<testsuite hostname="LAPTOP-VLUEFNG4" failures="0" tests="1" name="Portal_page1.Donor_TESTCASE1_10" time="24.627" errors="0" timestamp="2022-05-17T16:51:19 IST" skipped="0">
  <testcase classname="Portal_page1.Donor_TESTCASE1_10" name="FillInfo" time="24.627"/>
  <system-out/>
</testsuite> <!-- Portal_page1.Donor_TESTCASE1_10 -->
