<?xml version="1.0" encoding="UTF-8"?>
<!-- Generated by org.testng.reporters.JUnitReportReporter -->
<testsuite hostname="LAPTOP-VLUEFNG4" failures="0" tests="1" name="Portal_page1.Donor_TESTCASE1_8" time="18.675" errors="0" timestamp="2022-05-17T16:51:19 IST" skipped="0">
  <testcase classname="Portal_page1.Donor_TESTCASE1_8" name="FillInfo" time="18.675"/>
  <system-out/>
</testsuite> <!-- Portal_page1.Donor_TESTCASE1_8 -->
