<?xml version="1.0" encoding="UTF-8"?>
<!-- Generated by org.testng.reporters.JUnitReportReporter -->
<testsuite hostname="LAPTOP-VLUEFNG4" failures="0" tests="1" name="Portal_page3.Donor_TESTCASE_page3_4" time="16.797" errors="0" timestamp="2022-05-17T17:09:24 IST" skipped="0">
  <testcase classname="Portal_page3.Donor_TESTCASE_page3_4" name="FillInfo" time="16.797"/>
  <system-out/>
</testsuite> <!-- Portal_page3.Donor_TESTCASE_page3_4 -->
