<?xml version="1.0" encoding="UTF-8"?>
<!-- Generated by org.testng.reporters.JUnitReportReporter -->
<testsuite hostname="LAPTOP-VLUEFNG4" failures="0" tests="1" name="Module1_Donor_Mgnt_Test.Donor_TESTCASE_page3_9" time="12.076" errors="0" timestamp="2022-05-13T16:56:50 IST" skipped="0">
  <testcase classname="Module1_Donor_Mgnt_Test.Donor_TESTCASE_page3_9" name="FillInfo" time="12.076"/>
  <system-out/>
</testsuite> <!-- Module1_Donor_Mgnt_Test.Donor_TESTCASE_page3_9 -->
