<?xml version="1.0" encoding="UTF-8"?>
<!-- Generated by org.testng.reporters.JUnitReportReporter -->
<testsuite hostname="LAPTOP-VLUEFNG4" failures="0" tests="1" name="Module1_Donor_Mgnt_Test.mmmm" time="26.640" errors="0" timestamp="2022-05-13T22:40:53 IST" skipped="0">
  <testcase classname="Module1_Donor_Mgnt_Test.mmmm" name="FillInfo" time="26.640"/>
  <system-out/>
</testsuite> <!-- Module1_Donor_Mgnt_Test.mmmm -->
